Froska .purge 7
Froska look ^^^ started 3 weeeks ago
Froska those started 3 weeks ago
Froska <@!359163540050804738> can you make the purge message get out after like 1 second
Froska and look
Froska discord.gg/event
Froska <@!247416202664607747> Partners dont really help, you just need to advetise it well, maybe on a famous tiktok dude or something
Cosmic Events Beta Deleted 6 messages!
Atrek I have to go but COOKIE TELL HER ABOUT AMESTON MUTING SOMEONE ON STREAM
Atrek <@!359163540050804738> talk about when ameston muted someone on stream
Cosmic Events Beta Please create a channel called `deleted-messages` to log purge logs!
Atrek when ameston accidentaly muted somone on stream
Atrek I think I was there for that stream
Froska ok
Atrek ALSO
Cherubily im not on
Atrek Cheru can you hook me up with a rank so I can go to top of building
Atrek discord.gg/ce
Atrek D:
Atrek CosmicEvents
Atrek Cheru I am from planet minecraft please give the fly to me in housing
P0LARB34R ye minecraft verification seems nice
Froska we will maybe put it for Event alerts or like to join giveaways
Atrek Cheru can I have fly in the housing
P0LARB34R but i dont think we need it
Froska cheru can you like vouche for someone
Froska for example if I want to become Helper
Atrek To say banana
Atrek forum sig
Atrek then leave
Cherubily for what
Atrek Cheru can you get on the housing
Froska 101x101
Froska it’s removed
Froska if you have that
Froska maybe if we can get a bigger plot in housing
Froska if i had owner, it will be alive and we would have a full server from now (mc)
Froska Hypixel :)
Atrek :D
Froska legit
Froska and i don’t want to work for a owner that does nothing
Froska yeah
Froska legit
Atrek TELL ME
Froska yeah fr , shotgun dmed me saying eventide is dying come back i was like your the owner and i’m the one that was doing legit everything in the discord and in game
Atrek someone get on the housing
Froska and it was dead
Atrek COOKIE WHAT IS YOUR IGN
Froska and nothing changed
Atrek ok
